<?xml version="1.0" encoding="UTF-8"?>
<!-- Generated by org.testng.reporters.JUnitReportReporter -->
<testsuite hostname="DESKTOP-O9GRTLV" failures="0" tests="4" name="com.TestClasses.LoginTest" time="22.845" errors="0" timestamp="18 Aug 2022 18:52:42 GMT" skipped="0">
  <testcase classname="com.TestClasses.LoginTest" name="setUp" time="4.530"/>
  <testcase classname="com.TestClasses.LoginTest" name="loginPageTitleTest" time="4.784"/>
  <testcase classname="com.TestClasses.LoginTest" name="crmLogoImageTest" time="9.897"/>
  <testcase classname="com.TestClasses.LoginTest" name="loginTest" time="3.634"/>
</testsuite> <!-- com.TestClasses.LoginTest -->
